<?xml version="1.0" encoding="utf-8"?><testsuites><testsuite name="pytest" errors="0" failures="0" skipped="0" tests="25" time="2.324" timestamp="2024-04-25T21:50:11.387904" hostname="pablo-xps"><testcase classname="tests.test_stats" name="test_indicators_ids[ma]" time="0.006" /><testcase classname="tests.test_stats" name="test_indicators_ids[ath]" time="0.004" /><testcase classname="tests.test_stats" name="test_indicators_ids[raw]" time="0.002" /><testcase classname="tests.test_stats" name="test_indicators_ids[avg]" time="0.003" /><testcase classname="tests.test_stats" name="test_wrap" time="0.021" /><testcase classname="tests.test_stats" name="test_var_pop" time="0.004" /><testcase classname="tests.test_stats" name="test_var_sample" time="0.003" /><testcase classname="tests.test_stats" name="test_var_sample_n" time="0.002" /><testcase classname="tests.test_stats" name="test_percentual_spread" time="0.003" /><testcase classname="tests.test_stats" name="test_cov_same_as_std" time="0.004" /><testcase classname="tests.test_stats" name="test_cov" time="0.004" /><testcase classname="tests.test_stats" name="test_corr" time="0.004" /><testcase classname="tests.test_stats" name="test_normalize" time="0.002" /><testcase classname="tests.test_stats" name="test_delay" time="0.003" /><testcase classname="tests.test_stats" name="test_wsum" time="0.003" /><testcase classname="tests.test_stats" name="test_diff" time="0.002" /><testcase classname="tests.test_stats" name="test_wsum_p" time="0.002" /><testcase classname="tests.test_stats" name="test_ema" time="0.003" /><testcase classname="tests.test_stats" name="test_indicators[ma-solution0]" time="0.003" /><testcase classname="tests.test_stats" name="test_indicators[ath-solution1]" time="0.003" /><testcase classname="tests.test_stats" name="test_indicators[raw-solution2]" time="0.003" /><testcase classname="tests.test_stats" name="test_indicators[avg-solution3]" time="0.002" /><testcase classname="tests.test_stats" name="test_ma_zero" time="0.002" /><testcase classname="tests.test_stats" name="test_ma5" time="0.003" /><testcase classname="tests.test_stats" name="test_ma2d" time="0.008" /></testsuite></testsuites>